{"name": "Check displaying of empty courses list", "status": "failed", "statusDetails": {"message": "AssertionError: Locator expected to have text 'Welcome, username!'\nActual value: Welcome, user! \nCall log:\n  - Expect \"to_have_text\" with timeout 5000ms\n  - waiting for get_by_test_id(\"navigation-navbar-welcome-title-text\").first\n    9 × locator resolved to <p data-testid=\"navigation-navbar-welcome-title-text\" class=\"MuiTypography-root MuiTypography-body1 css-gjwoc1\">Welcome, user!</p>\n      - unexpected value \"Welcome, user!\"", "trace": "self = <tests.courses.test_courses.TestCourses object at 0x000002C3A370E5D0>, course_list_page = <pages.courses.courses_list_page.CoursesListPage object at 0x000002C3A3BC45D0>\n\n    @allure.title('Check displaying of empty courses list')\n    @allure.severity(Severity.NORMAL)\n    def test_empty_courses_list(self,course_list_page: CoursesListPage):\n        course_list_page.visit(\"https://nikita-filonov.github.io/qa-automation-engineer-ui-course/#/courses\")\n    \n>       course_list_page.navbar.check_visible(username='username')\n\ntests\\courses\\test_courses.py:68: \n_ _ _ _ _ _ _ _ _ _ _ _ _ _ _ _ _ _ _ _ _ _ _ _ _ _ _ _ _ _ _ _ _ _ _ _ _ _ _ _ _ _ _ _ _ _ _ _ _ _ _ _ _ _ _ _ _ _ _ _ _ _ _ _ _ _ _ _ _ _ _ _ _ _ _ _ _ _ _ _ _ _ _ _ _ _ _ _ _ _ _ _ _ _ _ _ _ _ _ _ _ _ _ _ _ _ _ _ _ _ _ _ _ _ _ _ _ _ _ _ _ \ncomponents\\navigation\\navbar_component.py:23: in check_visible\n    self.welcome_title.check_have_text(f'Welcome, {username}!')\n_ _ _ _ _ _ _ _ _ _ _ _ _ _ _ _ _ _ _ _ _ _ _ _ _ _ _ _ _ _ _ _ _ _ _ _ _ _ _ _ _ _ _ _ _ _ _ _ _ _ _ _ _ _ _ _ _ _ _ _ _ _ _ _ _ _ _ _ _ _ _ _ _ _ _ _ _ _ _ _ _ _ _ _ _ _ _ _ _ _ _ _ _ _ _ _ _ _ _ _ _ _ _ _ _ _ _ _ _ _ _ _ _ _ _ _ _ _ _ _ _ \n\nself = <elements.text.Text object at 0x000002C3A37B3C10>, text = 'Welcome, username!', nth = 0, kwargs = {}\nlocator = <Locator frame=<Frame name= url='https://nikita-filonov.github.io/qa-automation-engineer-ui-course/#/courses'> selector='internal:testid=[data-testid=\"navigation-navbar-welcome-title-text\"s] >> nth=0'>\n\n    def check_have_text(self, text: str, nth: int = 0, **kwargs):\n        with allure.step(f'Checking that {self.type_of} {self.name} has text \"{text}\"'):\n            locator = self.get_locator(nth,**kwargs)\n    \n>           expect(locator).to_have_text(text)\nE           AssertionError: Locator expected to have text 'Welcome, username!'\nE           Actual value: Welcome, user! \nE           Call log:\nE             - Expect \"to_have_text\" with timeout 5000ms\nE             - waiting for get_by_test_id(\"navigation-navbar-welcome-title-text\").first\nE               9 × locator resolved to <p data-testid=\"navigation-navbar-welcome-title-text\" class=\"MuiTypography-root MuiTypography-body1 css-gjwoc1\">Welcome, user!</p>\nE                 - unexpected value \"Welcome, user!\"\n\nelements\\base_element.py:36: AssertionError"}, "steps": [{"name": "Visit \"https://nikita-filonov.github.io/qa-automation-engineer-ui-course/#/courses\"", "status": "passed", "start": 1765716353811, "stop": 1765716354719}, {"name": "Check visible navbar for user 'username'", "status": "failed", "statusDetails": {"message": "AssertionError: Locator expected to have text 'Welcome, username!'\nActual value: Welcome, user! \nCall log:\n  - Expect \"to_have_text\" with timeout 5000ms\n  - waiting for get_by_test_id(\"navigation-navbar-welcome-title-text\").first\n    9 × locator resolved to <p data-testid=\"navigation-navbar-welcome-title-text\" class=\"MuiTypography-root MuiTypography-body1 css-gjwoc1\">Welcome, user!</p>\n      - unexpected value \"Welcome, user!\"\n\n", "trace": "  File \"H:\\autotests_ui\\.venv\\Lib\\site-packages\\allure_commons\\_allure.py\", line 202, in impl\n    return func(*a, **kw)\n           ^^^^^^^^^^^^^^\n  File \"H:\\autotests_ui\\components\\navigation\\navbar_component.py\", line 23, in check_visible\n    self.welcome_title.check_have_text(f'Welcome, {username}!')\n  File \"H:\\autotests_ui\\elements\\base_element.py\", line 36, in check_have_text\n    expect(locator).to_have_text(text)\n  File \"H:\\autotests_ui\\.venv\\Lib\\site-packages\\playwright\\sync_api\\_generated.py\", line 19981, in to_have_text\n    self._sync(\n  File \"H:\\autotests_ui\\.venv\\Lib\\site-packages\\playwright\\_impl\\_sync_base.py\", line 115, in _sync\n    return task.result()\n           ^^^^^^^^^^^^^\n  File \"H:\\autotests_ui\\.venv\\Lib\\site-packages\\playwright\\_impl\\_assertions.py\", line 559, in to_have_text\n    await self._expect_impl(\n  File \"H:\\autotests_ui\\.venv\\Lib\\site-packages\\playwright\\_impl\\_assertions.py\", line 83, in _expect_impl\n    raise AssertionError(\n"}, "steps": [{"name": "Checking that text App Text is visible", "status": "passed", "steps": [{"name": "Getting locator with \"data-test-id=navigation-navbar-app-title-text\" at index 0", "status": "passed", "start": 1765716354719, "stop": 1765716354719}], "start": 1765716354719, "stop": 1765716354840}, {"name": "Checking that text App Text has text \"UI Course\"", "status": "passed", "steps": [{"name": "Getting locator with \"data-test-id=navigation-navbar-app-title-text\" at index 0", "status": "passed", "start": 1765716354840, "stop": 1765716354840}], "start": 1765716354840, "stop": 1765716354849}, {"name": "Checking that text Welcome Text is visible", "status": "passed", "steps": [{"name": "Getting locator with \"data-test-id=navigation-navbar-welcome-title-text\" at index 0", "status": "passed", "start": 1765716354849, "stop": 1765716354849}], "start": 1765716354849, "stop": 1765716354857}, {"name": "Checking that text Welcome Text has text \"Welcome, username!\"", "status": "failed", "statusDetails": {"message": "AssertionError: Locator expected to have text 'Welcome, username!'\nActual value: Welcome, user! \nCall log:\n  - Expect \"to_have_text\" with timeout 5000ms\n  - waiting for get_by_test_id(\"navigation-navbar-welcome-title-text\").first\n    9 × locator resolved to <p data-testid=\"navigation-navbar-welcome-title-text\" class=\"MuiTypography-root MuiTypography-body1 css-gjwoc1\">Welcome, user!</p>\n      - unexpected value \"Welcome, user!\"\n\n", "trace": "  File \"H:\\autotests_ui\\elements\\base_element.py\", line 36, in check_have_text\n    expect(locator).to_have_text(text)\n  File \"H:\\autotests_ui\\.venv\\Lib\\site-packages\\playwright\\sync_api\\_generated.py\", line 19981, in to_have_text\n    self._sync(\n  File \"H:\\autotests_ui\\.venv\\Lib\\site-packages\\playwright\\_impl\\_sync_base.py\", line 115, in _sync\n    return task.result()\n           ^^^^^^^^^^^^^\n  File \"H:\\autotests_ui\\.venv\\Lib\\site-packages\\playwright\\_impl\\_assertions.py\", line 559, in to_have_text\n    await self._expect_impl(\n  File \"H:\\autotests_ui\\.venv\\Lib\\site-packages\\playwright\\_impl\\_assertions.py\", line 83, in _expect_impl\n    raise AssertionError(\n"}, "steps": [{"name": "Getting locator with \"data-test-id=navigation-navbar-welcome-title-text\" at index 0", "status": "passed", "start": 1765716354857, "stop": 1765716354857}], "start": 1765716354857, "stop": 1765716359864}], "parameters": [{"name": "username", "value": "'username'"}], "start": 1765716354719, "stop": 1765716359864}], "start": 1765716353811, "stop": 1765716359866, "uuid": "5e572918-94bc-4eb2-9c94-489a920653a1", "historyId": "90d39b65ed1a93c858227630693d202b", "testCaseId": "90d39b65ed1a93c858227630693d202b", "fullName": "tests.courses.test_courses.TestCourses#test_empty_courses_list", "labels": [{"name": "epic", "value": "LMS system"}, {"name": "severity", "value": "normal"}, {"name": "suite", "value": "Courses"}, {"name": "tag", "value": "REGRESSION"}, {"name": "tag", "value": "COURSES"}, {"name": "subSuite", "value": "Courses"}, {"name": "story", "value": "Courses"}, {"name": "parentSuite", "value": "LMS system"}, {"name": "feature", "value": "Courses"}, {"name": "tag", "value": "regression"}, {"name": "tag", "value": "courses"}, {"name": "host", "value": "Hawaii"}, {"name": "thread", "value": "16224-MainThread"}, {"name": "framework", "value": "pytest"}, {"name": "language", "value": "cpython3"}, {"name": "package", "value": "tests.courses.test_courses"}], "titlePath": ["tests", "courses", "test_courses.py", "TestCourses"]}