{"name": "Check displaying of dashboard page", "status": "failed", "statusDetails": {"message": "AssertionError: Locator expected to have text 'Welcome, username!'\nActual value: Welcome, user! \nCall log:\n  - Expect \"to_have_text\" with timeout 5000ms\n  - waiting for get_by_test_id(\"navigation-navbar-welcome-title-text\").first\n    9 × locator resolved to <p data-testid=\"navigation-navbar-welcome-title-text\" class=\"MuiTypography-root MuiTypography-body1 css-gjwoc1\">Welcome, user!</p>\n      - unexpected value \"Welcome, user!\"", "trace": "self = <tests.dashboard.test_dashboard.TestDashboard object at 0x000002C3A3724E10>, dashboard_page_with_state = <pages.dashboard.dashboard_page.DashBoardPage object at 0x000002C3A3C8FC10>\n\n    @allure.title(\"Check displaying of dashboard page\")\n    @allure.severity(Severity.NORMAL)\n    def test_dashboard_displaying(self, dashboard_page_with_state: DashBoardPage):\n        dashboard_page_with_state.visit('https://nikita-filonov.github.io/qa-automation-engineer-ui-course/#/dashboard')\n    \n>       dashboard_page_with_state.navbar.check_visible('username')\n\ntests\\dashboard\\test_dashboard.py:27: \n_ _ _ _ _ _ _ _ _ _ _ _ _ _ _ _ _ _ _ _ _ _ _ _ _ _ _ _ _ _ _ _ _ _ _ _ _ _ _ _ _ _ _ _ _ _ _ _ _ _ _ _ _ _ _ _ _ _ _ _ _ _ _ _ _ _ _ _ _ _ _ _ _ _ _ _ _ _ _ _ _ _ _ _ _ _ _ _ _ _ _ _ _ _ _ _ _ _ _ _ _ _ _ _ _ _ _ _ _ _ _ _ _ _ _ _ _ _ _ _ _ \ncomponents\\navigation\\navbar_component.py:23: in check_visible\n    self.welcome_title.check_have_text(f'Welcome, {username}!')\n_ _ _ _ _ _ _ _ _ _ _ _ _ _ _ _ _ _ _ _ _ _ _ _ _ _ _ _ _ _ _ _ _ _ _ _ _ _ _ _ _ _ _ _ _ _ _ _ _ _ _ _ _ _ _ _ _ _ _ _ _ _ _ _ _ _ _ _ _ _ _ _ _ _ _ _ _ _ _ _ _ _ _ _ _ _ _ _ _ _ _ _ _ _ _ _ _ _ _ _ _ _ _ _ _ _ _ _ _ _ _ _ _ _ _ _ _ _ _ _ _ \n\nself = <elements.text.Text object at 0x000002C3A3C8FC50>, text = 'Welcome, username!', nth = 0, kwargs = {}\nlocator = <Locator frame=<Frame name= url='https://nikita-filonov.github.io/qa-automation-engineer-ui-course/#/dashboard'> selector='internal:testid=[data-testid=\"navigation-navbar-welcome-title-text\"s] >> nth=0'>\n\n    def check_have_text(self, text: str, nth: int = 0, **kwargs):\n        with allure.step(f'Checking that {self.type_of} {self.name} has text \"{text}\"'):\n            locator = self.get_locator(nth,**kwargs)\n    \n>           expect(locator).to_have_text(text)\nE           AssertionError: Locator expected to have text 'Welcome, username!'\nE           Actual value: Welcome, user! \nE           Call log:\nE             - Expect \"to_have_text\" with timeout 5000ms\nE             - waiting for get_by_test_id(\"navigation-navbar-welcome-title-text\").first\nE               9 × locator resolved to <p data-testid=\"navigation-navbar-welcome-title-text\" class=\"MuiTypography-root MuiTypography-body1 css-gjwoc1\">Welcome, user!</p>\nE                 - unexpected value \"Welcome, user!\"\n\nelements\\base_element.py:36: AssertionError"}, "steps": [{"name": "Visit \"https://nikita-filonov.github.io/qa-automation-engineer-ui-course/#/dashboard\"", "status": "passed", "start": 1765716362932, "stop": 1765716363836}, {"name": "Check visible navbar for user 'username'", "status": "failed", "statusDetails": {"message": "AssertionError: Locator expected to have text 'Welcome, username!'\nActual value: Welcome, user! \nCall log:\n  - Expect \"to_have_text\" with timeout 5000ms\n  - waiting for get_by_test_id(\"navigation-navbar-welcome-title-text\").first\n    9 × locator resolved to <p data-testid=\"navigation-navbar-welcome-title-text\" class=\"MuiTypography-root MuiTypography-body1 css-gjwoc1\">Welcome, user!</p>\n      - unexpected value \"Welcome, user!\"\n\n", "trace": "  File \"H:\\autotests_ui\\.venv\\Lib\\site-packages\\allure_commons\\_allure.py\", line 202, in impl\n    return func(*a, **kw)\n           ^^^^^^^^^^^^^^\n  File \"H:\\autotests_ui\\components\\navigation\\navbar_component.py\", line 23, in check_visible\n    self.welcome_title.check_have_text(f'Welcome, {username}!')\n  File \"H:\\autotests_ui\\elements\\base_element.py\", line 36, in check_have_text\n    expect(locator).to_have_text(text)\n  File \"H:\\autotests_ui\\.venv\\Lib\\site-packages\\playwright\\sync_api\\_generated.py\", line 19981, in to_have_text\n    self._sync(\n  File \"H:\\autotests_ui\\.venv\\Lib\\site-packages\\playwright\\_impl\\_sync_base.py\", line 115, in _sync\n    return task.result()\n           ^^^^^^^^^^^^^\n  File \"H:\\autotests_ui\\.venv\\Lib\\site-packages\\playwright\\_impl\\_assertions.py\", line 559, in to_have_text\n    await self._expect_impl(\n  File \"H:\\autotests_ui\\.venv\\Lib\\site-packages\\playwright\\_impl\\_assertions.py\", line 83, in _expect_impl\n    raise AssertionError(\n"}, "steps": [{"name": "Checking that text App Text is visible", "status": "passed", "steps": [{"name": "Getting locator with \"data-test-id=navigation-navbar-app-title-text\" at index 0", "status": "passed", "start": 1765716363836, "stop": 1765716363836}], "start": 1765716363836, "stop": 1765716364216}, {"name": "Checking that text App Text has text \"UI Course\"", "status": "passed", "steps": [{"name": "Getting locator with \"data-test-id=navigation-navbar-app-title-text\" at index 0", "status": "passed", "start": 1765716364216, "stop": 1765716364216}], "start": 1765716364216, "stop": 1765716364226}, {"name": "Checking that text Welcome Text is visible", "status": "passed", "steps": [{"name": "Getting locator with \"data-test-id=navigation-navbar-welcome-title-text\" at index 0", "status": "passed", "start": 1765716364226, "stop": 1765716364226}], "start": 1765716364226, "stop": 1765716364241}, {"name": "Checking that text Welcome Text has text \"Welcome, username!\"", "status": "failed", "statusDetails": {"message": "AssertionError: Locator expected to have text 'Welcome, username!'\nActual value: Welcome, user! \nCall log:\n  - Expect \"to_have_text\" with timeout 5000ms\n  - waiting for get_by_test_id(\"navigation-navbar-welcome-title-text\").first\n    9 × locator resolved to <p data-testid=\"navigation-navbar-welcome-title-text\" class=\"MuiTypography-root MuiTypography-body1 css-gjwoc1\">Welcome, user!</p>\n      - unexpected value \"Welcome, user!\"\n\n", "trace": "  File \"H:\\autotests_ui\\elements\\base_element.py\", line 36, in check_have_text\n    expect(locator).to_have_text(text)\n  File \"H:\\autotests_ui\\.venv\\Lib\\site-packages\\playwright\\sync_api\\_generated.py\", line 19981, in to_have_text\n    self._sync(\n  File \"H:\\autotests_ui\\.venv\\Lib\\site-packages\\playwright\\_impl\\_sync_base.py\", line 115, in _sync\n    return task.result()\n           ^^^^^^^^^^^^^\n  File \"H:\\autotests_ui\\.venv\\Lib\\site-packages\\playwright\\_impl\\_assertions.py\", line 559, in to_have_text\n    await self._expect_impl(\n  File \"H:\\autotests_ui\\.venv\\Lib\\site-packages\\playwright\\_impl\\_assertions.py\", line 83, in _expect_impl\n    raise AssertionError(\n"}, "steps": [{"name": "Getting locator with \"data-test-id=navigation-navbar-welcome-title-text\" at index 0", "status": "passed", "start": 1765716364241, "stop": 1765716364241}], "start": 1765716364241, "stop": 1765716369263}], "parameters": [{"name": "username", "value": "'username'"}], "start": 1765716363836, "stop": 1765716369266}], "start": 1765716362932, "stop": 1765716369266, "uuid": "d41d6c0b-2a24-4bcf-bbb0-ed57641ef542", "historyId": "25f387af66c289a0b7b8d940681ab110", "testCaseId": "25f387af66c289a0b7b8d940681ab110", "fullName": "tests.dashboard.test_dashboard.TestDashboard#test_dashboard_displaying", "labels": [{"name": "epic", "value": "LMS system"}, {"name": "tag", "value": "DASHBOARD"}, {"name": "severity", "value": "normal"}, {"name": "tag", "value": "REGRESSION"}, {"name": "subSuite", "value": "Dashboard"}, {"name": "story", "value": "Dashboard"}, {"name": "suite", "value": "Dashboard"}, {"name": "feature", "value": "Dashboard"}, {"name": "parentSuite", "value": "LMS system"}, {"name": "tag", "value": "regression"}, {"name": "tag", "value": "dashboard"}, {"name": "host", "value": "Hawaii"}, {"name": "thread", "value": "16224-MainThread"}, {"name": "framework", "value": "pytest"}, {"name": "language", "value": "cpython3"}, {"name": "package", "value": "tests.dashboard.test_dashboard"}], "titlePath": ["tests", "dashboard", "test_dashboard.py", "TestDashboard"]}